# JRE version: OpenJDK Runtime Environment (8.0_202-b03) (build 1.8.0_202-release-1483-b03)
# Java VM: OpenJDK 64-Bit Server VM (25.202-b03 mixed mode windows-amd64 compressed oops)
Heap:
 PSYoungGen      total 79872K, used 35707K [0x00000000e0000000, 0x00000000e6000000, 0x0000000100000000)
  eden space 64512K, 46% used [0x00000000e0000000,0x00000000e1d7c6f8,0x00000000e3f00000)
  from space 15360K, 35% used [0x00000000e5100000,0x00000000e5662570,0x00000000e6000000)
  to   space 16896K, 0% used [0x00000000e3f00000,0x00000000e3f00000,0x00000000e4f80000)
 ParOldGen       total 90112K, used 54046K [0x00000000a0000000, 0x00000000a5800000, 0x00000000e0000000)
  object space 90112K, 59% used [0x00000000a0000000,0x00000000a34c7b58,0x00000000a5800000)
 Metaspace       used 78621K, capacity 80866K, committed 80984K, reserved 1120256K
  class space    used 10018K, capacity 10560K, committed 10624K, reserved 1048576K
GC Heap History (10 events):
Event: 1828.488 GC heap before
{Heap before GC invocations=31 (full 3):
 PSYoungGen      total 49664K, used 49253K [0x00000000e0000000, 0x00000000e4d80000, 0x0000000100000000)
  eden space 44544K, 100% used [0x00000000e0000000,0x00000000e2b80000,0x00000000e2b80000)
  from space 5120K, 91% used [0x00000000e2c00000,0x00000000e3099588,0x00000000e3100000)
  to   space 17408K, 0% used [0x00000000e3c80000,0x00000000e3c80000,0x00000000e4d80000)
 ParOldGen       total 90112K, used 48388K [0x00000000a0000000, 0x00000000a5800000, 0x00000000e0000000)
  object space 90112K, 53% used [0x00000000a0000000,0x00000000a2f41290,0x00000000a5800000)
 Metaspace       used 73636K, capacity 75868K, committed 75992K, reserved 1116160K
  class space    used 9440K, capacity 9983K, committed 9984K, reserved 1048576K
Event: 1828.503 GC heap after
Heap after GC invocations=31 (full 3):
 PSYoungGen      total 60928K, used 1783K [0x00000000e0000000, 0x00000000e4d00000, 0x0000000100000000)
  eden space 44032K, 0% used [0x00000000e0000000,0x00000000e0000000,0x00000000e2b00000)
  from space 16896K, 10% used [0x00000000e3c80000,0x00000000e3e3dee0,0x00000000e4d00000)
  to   space 17408K, 0% used [0x00000000e2b00000,0x00000000e2b00000,0x00000000e3c00000)
 ParOldGen       total 90112K, used 52153K [0x00000000a0000000, 0x00000000a5800000, 0x00000000e0000000)
  object space 90112K, 57% used [0x00000000a0000000,0x00000000a32ee448,0x00000000a5800000)
 Metaspace       used 73636K, capacity 75868K, committed 75992K, reserved 1116160K
  class space    used 9440K, capacity 9983K, committed 9984K, reserved 1048576K
}
Event: 1828.768 GC heap before
{Heap before GC invocations=32 (full 3):
 PSYoungGen      total 60928K, used 45815K [0x00000000e0000000, 0x00000000e4d00000, 0x0000000100000000)
  eden space 44032K, 100% used [0x00000000e0000000,0x00000000e2b00000,0x00000000e2b00000)
  from space 16896K, 10% used [0x00000000e3c80000,0x00000000e3e3dee0,0x00000000e4d00000)
  to   space 17408K, 0% used [0x00000000e2b00000,0x00000000e2b00000,0x00000000e3c00000)
 ParOldGen       total 90112K, used 52153K [0x00000000a0000000, 0x00000000a5800000, 0x00000000e0000000)
  object space 90112K, 57% used [0x00000000a0000000,0x00000000a32ee448,0x00000000a5800000)
 Metaspace       used 73648K, capacity 75868K, committed 75992K, reserved 1116160K
  class space    used 9442K, capacity 9983K, committed 9984K, reserved 1048576K
Event: 1828.774 GC heap after
Heap after GC invocations=32 (full 3):
 PSYoungGen      total 61440K, used 352K [0x00000000e0000000, 0x00000000e5700000, 0x0000000100000000)
  eden space 44032K, 0% used [0x00000000e0000000,0x00000000e0000000,0x00000000e2b00000)
  from space 17408K, 2% used [0x00000000e2b00000,0x00000000e2b58000,0x00000000e3c00000)
  to   space 17920K, 0% used [0x00000000e4580000,0x00000000e4580000,0x00000000e5700000)
 ParOldGen       total 90112K, used 53294K [0x00000000a0000000, 0x00000000a5800000, 0x00000000e0000000)
  object space 90112K, 59% used [0x00000000a0000000,0x00000000a340bb58,0x00000000a5800000)
 Metaspace       used 73648K, capacity 75868K, committed 75992K, reserved 1116160K
  class space    used 9442K, capacity 9983K, committed 9984K, reserved 1048576K
}
Event: 1828.989 GC heap before
{Heap before GC invocations=33 (full 3):
 PSYoungGen      total 61440K, used 44384K [0x00000000e0000000, 0x00000000e5700000, 0x0000000100000000)
  eden space 44032K, 100% used [0x00000000e0000000,0x00000000e2b00000,0x00000000e2b00000)
  from space 17408K, 2% used [0x00000000e2b00000,0x00000000e2b58000,0x00000000e3c00000)
  to   space 17920K, 0% used [0x00000000e4580000,0x00000000e4580000,0x00000000e5700000)
 ParOldGen       total 90112K, used 53294K [0x00000000a0000000, 0x00000000a5800000, 0x00000000e0000000)
  object space 90112K, 59% used [0x00000000a0000000,0x00000000a340bb58,0x00000000a5800000)
 Metaspace       used 73650K, capacity 75868K, committed 75992K, reserved 1116160K
  class space    used 9442K, capacity 9983K, committed 9984K, reserved 1048576K
Event: 1828.993 GC heap after
Heap after GC invocations=33 (full 3):
 PSYoungGen      total 71168K, used 288K [0x00000000e0000000, 0x00000000e5700000, 0x0000000100000000)
  eden space 53248K, 0% used [0x00000000e0000000,0x00000000e0000000,0x00000000e3400000)
  from space 17920K, 1% used [0x00000000e4580000,0x00000000e45c8000,0x00000000e5700000)
  to   space 17920K, 0% used [0x00000000e3400000,0x00000000e3400000,0x00000000e4580000)
 ParOldGen       total 90112K, used 53534K [0x00000000a0000000, 0x00000000a5800000, 0x00000000e0000000)
  object space 90112K, 59% used [0x00000000a0000000,0x00000000a3447b58,0x00000000a5800000)
 Metaspace       used 73650K, capacity 75868K, committed 75992K, reserved 1116160K
  class space    used 9442K, capacity 9983K, committed 9984K, reserved 1048576K
}
Event: 1829.246 GC heap before
{Heap before GC invocations=34 (full 3):
 PSYoungGen      total 71168K, used 53536K [0x00000000e0000000, 0x00000000e5700000, 0x0000000100000000)
  eden space 53248K, 100% used [0x00000000e0000000,0x00000000e3400000,0x00000000e3400000)
  from space 17920K, 1% used [0x00000000e4580000,0x00000000e45c8000,0x00000000e5700000)
  to   space 17920K, 0% used [0x00000000e3400000,0x00000000e3400000,0x00000000e4580000)
 ParOldGen       total 90112K, used 53534K [0x00000000a0000000, 0x00000000a5800000, 0x00000000e0000000)
  object space 90112K, 59% used [0x00000000a0000000,0x00000000a3447b58,0x00000000a5800000)
 Metaspace       used 73652K, capacity 75868K, committed 75992K, reserved 1116160K
  class space    used 9442K, capacity 9983K, committed 9984K, reserved 1048576K
Event: 1829.251 GC heap after
Heap after GC invocations=34 (full 3):
 PSYoungGen      total 71168K, used 320K [0x00000000e0000000, 0x00000000e6280000, 0x0000000100000000)
  eden space 53248K, 0% used [0x00000000e0000000,0x00000000e0000000,0x00000000e3400000)
  from space 17920K, 1% used [0x00000000e3400000,0x00000000e3450000,0x00000000e4580000)
  to   space 17920K, 0% used [0x00000000e5100000,0x00000000e5100000,0x00000000e6280000)
 ParOldGen       total 90112K, used 53766K [0x00000000a0000000, 0x00000000a5800000, 0x00000000e0000000)
  object space 90112K, 59% used [0x00000000a0000000,0x00000000a3481b58,0x00000000a5800000)
 Metaspace       used 73652K, capacity 75868K, committed 75992K, reserved 1116160K
  class space    used 9442K, capacity 9983K, committed 9984K, reserved 1048576K
}
Event: 1835.717 GC heap before
{Heap before GC invocations=35 (full 3):
 PSYoungGen      total 71168K, used 53568K [0x00000000e0000000, 0x00000000e6280000, 0x0000000100000000)
  eden space 53248K, 100% used [0x00000000e0000000,0x00000000e3400000,0x00000000e3400000)
  from space 17920K, 1% used [0x00000000e3400000,0x00000000e3450000,0x00000000e4580000)
  to   space 17920K, 0% used [0x00000000e5100000,0x00000000e5100000,0x00000000e6280000)
 ParOldGen       total 90112K, used 53766K [0x00000000a0000000, 0x00000000a5800000, 0x00000000e0000000)
  object space 90112K, 59% used [0x00000000a0000000,0x00000000a3481b58,0x00000000a5800000)
 Metaspace       used 77564K, capacity 79778K, committed 79832K, reserved 1118208K
  class space    used 9944K, capacity 10496K, committed 10496K, reserved 1048576K
Event: 1835.731 GC heap after
Heap after GC invocations=35 (full 3):
 PSYoungGen      total 79872K, used 5513K [0x00000000e0000000, 0x00000000e6000000, 0x0000000100000000)
  eden space 64512K, 0% used [0x00000000e0000000,0x00000000e0000000,0x00000000e3f00000)
  from space 15360K, 35% used [0x00000000e5100000,0x00000000e5662570,0x00000000e6000000)
  to   space 16896K, 0% used [0x00000000e3f00000,0x00000000e3f00000,0x00000000e4f80000)
 ParOldGen       total 90112K, used 54046K [0x00000000a0000000, 0x00000000a5800000, 0x00000000e0000000)
  object space 90112K, 59% used [0x00000000a0000000,0x00000000a34c7b58,0x00000000a5800000)
 Metaspace       used 77564K, capacity 79778K, committed 79832K, reserved 1118208K
  class space    used 9944K, capacity 10496K, committed 10496K, reserved 1048576K
}

