# JRE version: OpenJDK Runtime Environment (8.0_202-b03) (build 1.8.0_202-release-1483-b03)
# Java VM: OpenJDK 64-Bit Server VM (25.202-b03 mixed mode windows-amd64 compressed oops)
Heap:
 PSYoungGen      total 157696K, used 151685K [0x00000000e0000000, 0x00000000eaa80000, 0x0000000100000000)
  eden space 145920K, 95% used [0x00000000e0000000,0x00000000e88a31a0,0x00000000e8e80000)
  from space 11776K, 99% used [0x00000000e9d00000,0x00000000ea87e2c8,0x00000000ea880000)
  to   space 14336K, 0% used [0x00000000e8e80000,0x00000000e8e80000,0x00000000e9c80000)
 ParOldGen       total 82432K, used 19992K [0x00000000a0000000, 0x00000000a5080000, 0x00000000e0000000)
  object space 82432K, 24% used [0x00000000a0000000,0x00000000a13861e0,0x00000000a5080000)
 Metaspace       used 56957K, capacity 58534K, committed 58664K, reserved 1099776K
  class space    used 7738K, capacity 8140K, committed 8232K, reserved 1048576K
GC Heap History (10 events):
Event: 8.015 GC heap before
{Heap before GC invocations=8 (full 1):
 PSYoungGen      total 76288K, used 66560K [0x00000000e0000000, 0x00000000e5500000, 0x0000000100000000)
  eden space 66560K, 100% used [0x00000000e0000000,0x00000000e4100000,0x00000000e4100000)
  from space 9728K, 0% used [0x00000000e4b80000,0x00000000e4b80000,0x00000000e5500000)
  to   space 10240K, 0% used [0x00000000e4100000,0x00000000e4100000,0x00000000e4b00000)
 ParOldGen       total 56320K, used 8464K [0x00000000a0000000, 0x00000000a3700000, 0x00000000e0000000)
  object space 56320K, 15% used [0x00000000a0000000,0x00000000a0844368,0x00000000a3700000)
 Metaspace       used 29099K, capacity 29624K, committed 30080K, reserved 1075200K
  class space    used 3926K, capacity 4098K, committed 4224K, reserved 1048576K
Event: 8.028 GC heap after
Heap after GC invocations=8 (full 1):
 PSYoungGen      total 76800K, used 8067K [0x00000000e0000000, 0x00000000e8280000, 0x0000000100000000)
  eden space 66560K, 0% used [0x00000000e0000000,0x00000000e0000000,0x00000000e4100000)
  from space 10240K, 78% used [0x00000000e4100000,0x00000000e48e0f78,0x00000000e4b00000)
  to   space 10752K, 0% used [0x00000000e7800000,0x00000000e7800000,0x00000000e8280000)
 ParOldGen       total 56320K, used 8472K [0x00000000a0000000, 0x00000000a3700000, 0x00000000e0000000)
  object space 56320K, 15% used [0x00000000a0000000,0x00000000a0846368,0x00000000a3700000)
 Metaspace       used 29099K, capacity 29624K, committed 30080K, reserved 1075200K
  class space    used 3926K, capacity 4098K, committed 4224K, reserved 1048576K
}
Event: 9.197 GC heap before
{Heap before GC invocations=9 (full 1):
 PSYoungGen      total 76800K, used 74627K [0x00000000e0000000, 0x00000000e8280000, 0x0000000100000000)
  eden space 66560K, 100% used [0x00000000e0000000,0x00000000e4100000,0x00000000e4100000)
  from space 10240K, 78% used [0x00000000e4100000,0x00000000e48e0f78,0x00000000e4b00000)
  to   space 10752K, 0% used [0x00000000e7800000,0x00000000e7800000,0x00000000e8280000)
 ParOldGen       total 56320K, used 8472K [0x00000000a0000000, 0x00000000a3700000, 0x00000000e0000000)
  object space 56320K, 15% used [0x00000000a0000000,0x00000000a0846368,0x00000000a3700000)
 Metaspace       used 32373K, capacity 32886K, committed 33152K, reserved 1077248K
  class space    used 4460K, capacity 4652K, committed 4736K, reserved 1048576K
Event: 9.209 GC heap after
Heap after GC invocations=9 (full 1):
 PSYoungGen      total 119808K, used 8644K [0x00000000e0000000, 0x00000000e8180000, 0x0000000100000000)
  eden space 110080K, 0% used [0x00000000e0000000,0x00000000e0000000,0x00000000e6b80000)
  from space 9728K, 88% used [0x00000000e7800000,0x00000000e8071248,0x00000000e8180000)
  to   space 11264K, 0% used [0x00000000e6b80000,0x00000000e6b80000,0x00000000e7680000)
 ParOldGen       total 56320K, used 8480K [0x00000000a0000000, 0x00000000a3700000, 0x00000000e0000000)
  object space 56320K, 15% used [0x00000000a0000000,0x00000000a0848368,0x00000000a3700000)
 Metaspace       used 32373K, capacity 32886K, committed 33152K, reserved 1077248K
  class space    used 4460K, capacity 4652K, committed 4736K, reserved 1048576K
}
Event: 21.332 GC heap before
{Heap before GC invocations=10 (full 1):
 PSYoungGen      total 119808K, used 57334K [0x00000000e0000000, 0x00000000e8180000, 0x0000000100000000)
  eden space 110080K, 44% used [0x00000000e0000000,0x00000000e2f8c760,0x00000000e6b80000)
  from space 9728K, 88% used [0x00000000e7800000,0x00000000e8071248,0x00000000e8180000)
  to   space 11264K, 0% used [0x00000000e6b80000,0x00000000e6b80000,0x00000000e7680000)
 ParOldGen       total 56320K, used 8480K [0x00000000a0000000, 0x00000000a3700000, 0x00000000e0000000)
  object space 56320K, 15% used [0x00000000a0000000,0x00000000a0848368,0x00000000a3700000)
 Metaspace       used 34709K, capacity 35424K, committed 35496K, reserved 1079296K
  class space    used 4784K, capacity 4993K, committed 5032K, reserved 1048576K
Event: 21.344 GC heap after
Heap after GC invocations=10 (full 1):
 PSYoungGen      total 121344K, used 10023K [0x00000000e0000000, 0x00000000ea880000, 0x0000000100000000)
  eden space 110080K, 0% used [0x00000000e0000000,0x00000000e0000000,0x00000000e6b80000)
  from space 11264K, 88% used [0x00000000e6b80000,0x00000000e7549c88,0x00000000e7680000)
  to   space 11776K, 0% used [0x00000000e9d00000,0x00000000e9d00000,0x00000000ea880000)
 ParOldGen       total 56320K, used 8488K [0x00000000a0000000, 0x00000000a3700000, 0x00000000e0000000)
  object space 56320K, 15% used [0x00000000a0000000,0x00000000a084a368,0x00000000a3700000)
 Metaspace       used 34709K, capacity 35424K, committed 35496K, reserved 1079296K
  class space    used 4784K, capacity 4993K, committed 5032K, reserved 1048576K
}
Event: 21.344 GC heap before
{Heap before GC invocations=11 (full 2):
 PSYoungGen      total 121344K, used 10023K [0x00000000e0000000, 0x00000000ea880000, 0x0000000100000000)
  eden space 110080K, 0% used [0x00000000e0000000,0x00000000e0000000,0x00000000e6b80000)
  from space 11264K, 88% used [0x00000000e6b80000,0x00000000e7549c88,0x00000000e7680000)
  to   space 11776K, 0% used [0x00000000e9d00000,0x00000000e9d00000,0x00000000ea880000)
 ParOldGen       total 56320K, used 8488K [0x00000000a0000000, 0x00000000a3700000, 0x00000000e0000000)
  object space 56320K, 15% used [0x00000000a0000000,0x00000000a084a368,0x00000000a3700000)
 Metaspace       used 34709K, capacity 35424K, committed 35496K, reserved 1079296K
  class space    used 4784K, capacity 4993K, committed 5032K, reserved 1048576K
Event: 21.477 GC heap after
Heap after GC invocations=11 (full 2):
 PSYoungGen      total 121344K, used 0K [0x00000000e0000000, 0x00000000ea880000, 0x0000000100000000)
  eden space 110080K, 0% used [0x00000000e0000000,0x00000000e0000000,0x00000000e6b80000)
  from space 11264K, 0% used [0x00000000e6b80000,0x00000000e6b80000,0x00000000e7680000)
  to   space 11776K, 0% used [0x00000000e9d00000,0x00000000e9d00000,0x00000000ea880000)
 ParOldGen       total 82432K, used 16902K [0x00000000a0000000, 0x00000000a5080000, 0x00000000e0000000)
  object space 82432K, 20% used [0x00000000a0000000,0x00000000a1081b80,0x00000000a5080000)
 Metaspace       used 34704K, capacity 35406K, committed 35496K, reserved 1079296K
  class space    used 4783K, capacity 4990K, committed 5032K, reserved 1048576K
}
Event: 30.048 GC heap before
{Heap before GC invocations=12 (full 2):
 PSYoungGen      total 121344K, used 110080K [0x00000000e0000000, 0x00000000ea880000, 0x0000000100000000)
  eden space 110080K, 100% used [0x00000000e0000000,0x00000000e6b80000,0x00000000e6b80000)
  from space 11264K, 0% used [0x00000000e6b80000,0x00000000e6b80000,0x00000000e7680000)
  to   space 11776K, 0% used [0x00000000e9d00000,0x00000000e9d00000,0x00000000ea880000)
 ParOldGen       total 82432K, used 16902K [0x00000000a0000000, 0x00000000a5080000, 0x00000000e0000000)
  object space 82432K, 20% used [0x00000000a0000000,0x00000000a1081b80,0x00000000a5080000)
 Metaspace       used 45435K, capacity 46470K, committed 46632K, reserved 1089536K
  class space    used 6121K, capacity 6414K, committed 6440K, reserved 1048576K
Event: 30.075 GC heap after
Heap after GC invocations=12 (full 2):
 PSYoungGen      total 157696K, used 11768K [0x00000000e0000000, 0x00000000eaa80000, 0x0000000100000000)
  eden space 145920K, 0% used [0x00000000e0000000,0x00000000e0000000,0x00000000e8e80000)
  from space 11776K, 99% used [0x00000000e9d00000,0x00000000ea87e2c8,0x00000000ea880000)
  to   space 14336K, 0% used [0x00000000e8e80000,0x00000000e8e80000,0x00000000e9c80000)
 ParOldGen       total 82432K, used 19992K [0x00000000a0000000, 0x00000000a5080000, 0x00000000e0000000)
  object space 82432K, 24% used [0x00000000a0000000,0x00000000a13861e0,0x00000000a5080000)
 Metaspace       used 45435K, capacity 46470K, committed 46632K, reserved 1089536K
  class space    used 6121K, capacity 6414K, committed 6440K, reserved 1048576K
}

